[Executor] 2019-04-02 16:40:39 [Thread-2] ERROR o.p.c.FtpConfig[115]: Connection closed without indication.
org.apache.commons.net.ftp.FTPConnectionClosedException: Connection closed without indication.
	at org.apache.commons.net.ftp.FTP.__getReply(FTP.java:317)
	at org.apache.commons.net.ftp.FTP.__getReply(FTP.java:294)
	at org.apache.commons.net.ftp.FTP.sendCommand(FTP.java:483)
	at org.apache.commons.net.ftp.FTP.sendCommand(FTP.java:608)
	at org.apache.commons.net.ftp.FTP.sendCommand(FTP.java:582)
	at org.apache.commons.net.ftp.FTP.abor(FTP.java:809)
	at org.apache.commons.net.ftp.FTPClient.abort(FTPClient.java:2581)
	at org.poem.config.FtpConfig.destroy(FtpConfig.java:110)
	at sun.reflect.NativeMethodAccessorImpl.invoke0(Native Method)
	at sun.reflect.NativeMethodAccessorImpl.invoke(NativeMethodAccessorImpl.java:62)
	at sun.reflect.DelegatingMethodAccessorImpl.invoke(DelegatingMethodAccessorImpl.java:43)
	at java.lang.reflect.Method.invoke(Method.java:498)
	at org.springframework.beans.factory.annotation.InitDestroyAnnotationBeanPostProcessor$LifecycleElement.invoke(InitDestroyAnnotationBeanPostProcessor.java:363)
	at org.springframework.beans.factory.annotation.InitDestroyAnnotationBeanPostProcessor$LifecycleMetadata.invokeDestroyMethods(InitDestroyAnnotationBeanPostProcessor.java:321)
	at org.springframework.beans.factory.annotation.InitDestroyAnnotationBeanPostProcessor.postProcessBeforeDestruction(InitDestroyAnnotationBeanPostProcessor.java:156)
	at org.springframework.beans.factory.support.DisposableBeanAdapter.destroy(DisposableBeanAdapter.java:240)
	at org.springframework.beans.factory.support.DefaultSingletonBeanRegistry.destroyBean(DefaultSingletonBeanRegistry.java:571)
	at org.springframework.beans.factory.support.DefaultSingletonBeanRegistry.destroySingleton(DefaultSingletonBeanRegistry.java:543)
	at org.springframework.beans.factory.support.DefaultListableBeanFactory.destroySingleton(DefaultListableBeanFactory.java:1055)
	at org.springframework.beans.factory.support.DefaultSingletonBeanRegistry.destroySingletons(DefaultSingletonBeanRegistry.java:504)
	at org.springframework.beans.factory.support.DefaultListableBeanFactory.destroySingletons(DefaultListableBeanFactory.java:1062)
	at org.springframework.context.support.AbstractApplicationContext.destroyBeans(AbstractApplicationContext.java:1057)
	at org.springframework.context.support.AbstractApplicationContext.doClose(AbstractApplicationContext.java:1026)
	at org.springframework.context.support.AbstractApplicationContext$1.run(AbstractApplicationContext.java:945)
[Executor] 2019-04-02 16:40:39 [pool-1-thread-9] ERROR o.p.j.p.FilePutRunner[71]: FTP response 421 received.  Server closed connection.
org.apache.commons.net.ftp.FTPConnectionClosedException: FTP response 421 received.  Server closed connection.
	at org.apache.commons.net.ftp.FTP.__getReply(FTP.java:367)
	at org.apache.commons.net.ftp.FTP.__getReply(FTP.java:294)
	at org.apache.commons.net.ftp.FTP.sendCommand(FTP.java:483)
	at org.apache.commons.net.ftp.FTPClient._openDataConnection_(FTPClient.java:821)
	at org.apache.commons.net.ftp.FTPClient._storeFile(FTPClient.java:633)
	at org.apache.commons.net.ftp.FTPClient.__storeFile(FTPClient.java:624)
	at org.apache.commons.net.ftp.FTPClient.storeFile(FTPClient.java:1976)
	at org.poem.job.put.FilePutRunner.put(FilePutRunner.java:59)
	at org.poem.job.put.FilePutRunner.run(FilePutRunner.java:98)
	at java.util.concurrent.Executors$RunnableAdapter.call(Executors.java:511)
	at java.util.concurrent.FutureTask.run$$$capture(FutureTask.java:266)
	at java.util.concurrent.FutureTask.run(FutureTask.java)
	at java.util.concurrent.ThreadPoolExecutor.runWorker(ThreadPoolExecutor.java:1149)
	at java.util.concurrent.ThreadPoolExecutor$Worker.run(ThreadPoolExecutor.java:624)
	at java.lang.Thread.run(Thread.java:748)
[Executor] 2019-04-02 16:40:39 [pool-1-thread-16] ERROR o.p.j.p.FilePutRunner[71]: Connection closed without indication.
org.apache.commons.net.ftp.FTPConnectionClosedException: Connection closed without indication.
	at org.apache.commons.net.ftp.FTP.__getReply(FTP.java:317)
	at org.apache.commons.net.ftp.FTP.__getReply(FTP.java:294)
	at org.apache.commons.net.ftp.FTP.sendCommand(FTP.java:483)
	at org.apache.commons.net.ftp.FTP.sendCommand(FTP.java:608)
	at org.apache.commons.net.ftp.FTP.port(FTP.java:932)
	at org.apache.commons.net.ftp.FTPClient._openDataConnection_(FTPClient.java:812)
	at org.apache.commons.net.ftp.FTPClient._storeFile(FTPClient.java:633)
	at org.apache.commons.net.ftp.FTPClient.__storeFile(FTPClient.java:624)
	at org.apache.commons.net.ftp.FTPClient.storeFile(FTPClient.java:1976)
	at org.poem.job.put.FilePutRunner.put(FilePutRunner.java:59)
	at org.poem.job.put.FilePutRunner.run(FilePutRunner.java:98)
	at java.util.concurrent.Executors$RunnableAdapter.call(Executors.java:511)
	at java.util.concurrent.FutureTask.run$$$capture(FutureTask.java:266)
	at java.util.concurrent.FutureTask.run(FutureTask.java)
	at java.util.concurrent.ThreadPoolExecutor.runWorker(ThreadPoolExecutor.java:1149)
	at java.util.concurrent.ThreadPoolExecutor$Worker.run(ThreadPoolExecutor.java:624)
	at java.lang.Thread.run(Thread.java:748)
[Executor] 2019-04-02 16:40:39 [pool-1-thread-6] ERROR o.p.j.p.FilePutRunner[71]: Connection closed without indication.
org.apache.commons.net.ftp.FTPConnectionClosedException: Connection closed without indication.
	at org.apache.commons.net.ftp.FTP.__getReply(FTP.java:317)
	at org.apache.commons.net.ftp.FTP.__getReply(FTP.java:294)
	at org.apache.commons.net.ftp.FTP.sendCommand(FTP.java:483)
	at org.apache.commons.net.ftp.FTP.sendCommand(FTP.java:608)
	at org.apache.commons.net.ftp.FTP.port(FTP.java:932)
	at org.apache.commons.net.ftp.FTPClient._openDataConnection_(FTPClient.java:812)
	at org.apache.commons.net.ftp.FTPClient._storeFile(FTPClient.java:633)
	at org.apache.commons.net.ftp.FTPClient.__storeFile(FTPClient.java:624)
	at org.apache.commons.net.ftp.FTPClient.storeFile(FTPClient.java:1976)
	at org.poem.job.put.FilePutRunner.put(FilePutRunner.java:59)
	at org.poem.job.put.FilePutRunner.run(FilePutRunner.java:98)
	at java.util.concurrent.Executors$RunnableAdapter.call(Executors.java:511)
	at java.util.concurrent.FutureTask.run$$$capture(FutureTask.java:266)
	at java.util.concurrent.FutureTask.run(FutureTask.java)
	at java.util.concurrent.ThreadPoolExecutor.runWorker(ThreadPoolExecutor.java:1149)
	at java.util.concurrent.ThreadPoolExecutor$Worker.run(ThreadPoolExecutor.java:624)
	at java.lang.Thread.run(Thread.java:748)
[Executor] 2019-04-02 16:40:39 [pool-1-thread-12] ERROR o.p.j.p.FilePutRunner[71]: Connection closed without indication.
org.apache.commons.net.ftp.FTPConnectionClosedException: Connection closed without indication.
	at org.apache.commons.net.ftp.FTP.__getReply(FTP.java:317)
	at org.apache.commons.net.ftp.FTP.__getReply(FTP.java:294)
	at org.apache.commons.net.ftp.FTP.sendCommand(FTP.java:483)
	at org.apache.commons.net.ftp.FTP.sendCommand(FTP.java:608)
	at org.apache.commons.net.ftp.FTP.port(FTP.java:932)
	at org.apache.commons.net.ftp.FTPClient._openDataConnection_(FTPClient.java:812)
	at org.apache.commons.net.ftp.FTPClient._storeFile(FTPClient.java:633)
	at org.apache.commons.net.ftp.FTPClient.__storeFile(FTPClient.java:624)
	at org.apache.commons.net.ftp.FTPClient.storeFile(FTPClient.java:1976)
	at org.poem.job.put.FilePutRunner.put(FilePutRunner.java:59)
	at org.poem.job.put.FilePutRunner.run(FilePutRunner.java:98)
	at java.util.concurrent.Executors$RunnableAdapter.call(Executors.java:511)
	at java.util.concurrent.FutureTask.run$$$capture(FutureTask.java:266)
	at java.util.concurrent.FutureTask.run(FutureTask.java)
	at java.util.concurrent.ThreadPoolExecutor.runWorker(ThreadPoolExecutor.java:1149)
	at java.util.concurrent.ThreadPoolExecutor$Worker.run(ThreadPoolExecutor.java:624)
	at java.lang.Thread.run(Thread.java:748)
[Executor] 2019-04-02 16:40:39 [pool-1-thread-13] ERROR o.p.j.p.FilePutRunner[71]: Connection closed without indication.
org.apache.commons.net.ftp.FTPConnectionClosedException: Connection closed without indication.
	at org.apache.commons.net.ftp.FTP.__getReply(FTP.java:317)
	at org.apache.commons.net.ftp.FTP.__getReply(FTP.java:294)
	at org.apache.commons.net.ftp.FTP.sendCommand(FTP.java:483)
	at org.apache.commons.net.ftp.FTPClient._openDataConnection_(FTPClient.java:821)
	at org.apache.commons.net.ftp.FTPClient._storeFile(FTPClient.java:633)
	at org.apache.commons.net.ftp.FTPClient.__storeFile(FTPClient.java:624)
	at org.apache.commons.net.ftp.FTPClient.storeFile(FTPClient.java:1976)
	at org.poem.job.put.FilePutRunner.put(FilePutRunner.java:59)
	at org.poem.job.put.FilePutRunner.run(FilePutRunner.java:98)
	at java.util.concurrent.Executors$RunnableAdapter.call(Executors.java:511)
	at java.util.concurrent.FutureTask.run$$$capture(FutureTask.java:266)
	at java.util.concurrent.FutureTask.run(FutureTask.java)
	at java.util.concurrent.ThreadPoolExecutor.runWorker(ThreadPoolExecutor.java:1149)
	at java.util.concurrent.ThreadPoolExecutor$Worker.run(ThreadPoolExecutor.java:624)
	at java.lang.Thread.run(Thread.java:748)
[Executor] 2019-04-02 16:40:39 [pool-1-thread-10] ERROR o.p.j.p.FilePutRunner[71]: Connection closed without indication.
org.apache.commons.net.ftp.FTPConnectionClosedException: Connection closed without indication.
	at org.apache.commons.net.ftp.FTP.__getReply(FTP.java:317)
	at org.apache.commons.net.ftp.FTP.__getReply(FTP.java:294)
	at org.apache.commons.net.ftp.FTP.sendCommand(FTP.java:483)
	at org.apache.commons.net.ftp.FTP.sendCommand(FTP.java:608)
	at org.apache.commons.net.ftp.FTP.port(FTP.java:932)
	at org.apache.commons.net.ftp.FTPClient._openDataConnection_(FTPClient.java:812)
	at org.apache.commons.net.ftp.FTPClient._storeFile(FTPClient.java:633)
	at org.apache.commons.net.ftp.FTPClient.__storeFile(FTPClient.java:624)
	at org.apache.commons.net.ftp.FTPClient.storeFile(FTPClient.java:1976)
	at org.poem.job.put.FilePutRunner.put(FilePutRunner.java:59)
	at org.poem.job.put.FilePutRunner.run(FilePutRunner.java:98)
	at java.util.concurrent.Executors$RunnableAdapter.call(Executors.java:511)
	at java.util.concurrent.FutureTask.run$$$capture(FutureTask.java:266)
	at java.util.concurrent.FutureTask.run(FutureTask.java)
	at java.util.concurrent.ThreadPoolExecutor.runWorker(ThreadPoolExecutor.java:1149)
	at java.util.concurrent.ThreadPoolExecutor$Worker.run(ThreadPoolExecutor.java:624)
	at java.lang.Thread.run(Thread.java:748)
[Executor] 2019-04-02 16:40:39 [pool-1-thread-15] ERROR o.p.j.p.FilePutRunner[71]: Connection closed without indication.
org.apache.commons.net.ftp.FTPConnectionClosedException: Connection closed without indication.
	at org.apache.commons.net.ftp.FTP.__getReply(FTP.java:317)
	at org.apache.commons.net.ftp.FTP.__getReply(FTP.java:294)
	at org.apache.commons.net.ftp.FTP.sendCommand(FTP.java:483)
	at org.apache.commons.net.ftp.FTP.sendCommand(FTP.java:608)
	at org.apache.commons.net.ftp.FTP.port(FTP.java:932)
	at org.apache.commons.net.ftp.FTPClient._openDataConnection_(FTPClient.java:812)
	at org.apache.commons.net.ftp.FTPClient._storeFile(FTPClient.java:633)
	at org.apache.commons.net.ftp.FTPClient.__storeFile(FTPClient.java:624)
	at org.apache.commons.net.ftp.FTPClient.storeFile(FTPClient.java:1976)
	at org.poem.job.put.FilePutRunner.put(FilePutRunner.java:59)
	at org.poem.job.put.FilePutRunner.run(FilePutRunner.java:98)
	at java.util.concurrent.Executors$RunnableAdapter.call(Executors.java:511)
	at java.util.concurrent.FutureTask.run$$$capture(FutureTask.java:266)
	at java.util.concurrent.FutureTask.run(FutureTask.java)
	at java.util.concurrent.ThreadPoolExecutor.runWorker(ThreadPoolExecutor.java:1149)
	at java.util.concurrent.ThreadPoolExecutor$Worker.run(ThreadPoolExecutor.java:624)
	at java.lang.Thread.run(Thread.java:748)
[Executor] 2019-04-02 16:40:39 [pool-1-thread-7] ERROR o.p.j.p.FilePutRunner[71]: Connection closed without indication.
org.apache.commons.net.ftp.FTPConnectionClosedException: Connection closed without indication.
	at org.apache.commons.net.ftp.FTP.__getReply(FTP.java:317)
	at org.apache.commons.net.ftp.FTP.__getReply(FTP.java:294)
	at org.apache.commons.net.ftp.FTP.sendCommand(FTP.java:483)
	at org.apache.commons.net.ftp.FTPClient._openDataConnection_(FTPClient.java:821)
	at org.apache.commons.net.ftp.FTPClient._storeFile(FTPClient.java:633)
	at org.apache.commons.net.ftp.FTPClient.__storeFile(FTPClient.java:624)
	at org.apache.commons.net.ftp.FTPClient.storeFile(FTPClient.java:1976)
	at org.poem.job.put.FilePutRunner.put(FilePutRunner.java:59)
	at org.poem.job.put.FilePutRunner.run(FilePutRunner.java:98)
	at java.util.concurrent.Executors$RunnableAdapter.call(Executors.java:511)
	at java.util.concurrent.FutureTask.run$$$capture(FutureTask.java:266)
	at java.util.concurrent.FutureTask.run(FutureTask.java)
	at java.util.concurrent.ThreadPoolExecutor.runWorker(ThreadPoolExecutor.java:1149)
	at java.util.concurrent.ThreadPoolExecutor$Worker.run(ThreadPoolExecutor.java:624)
	at java.lang.Thread.run(Thread.java:748)
[Executor] 2019-04-02 16:40:39 [pool-1-thread-11] ERROR o.p.j.p.FilePutRunner[71]: Connection closed without indication.
org.apache.commons.net.ftp.FTPConnectionClosedException: Connection closed without indication.
	at org.apache.commons.net.ftp.FTP.__getReply(FTP.java:317)
	at org.apache.commons.net.ftp.FTP.__getReply(FTP.java:294)
	at org.apache.commons.net.ftp.FTP.sendCommand(FTP.java:483)
	at org.apache.commons.net.ftp.FTPClient._openDataConnection_(FTPClient.java:821)
	at org.apache.commons.net.ftp.FTPClient._storeFile(FTPClient.java:633)
	at org.apache.commons.net.ftp.FTPClient.__storeFile(FTPClient.java:624)
	at org.apache.commons.net.ftp.FTPClient.storeFile(FTPClient.java:1976)
	at org.poem.job.put.FilePutRunner.put(FilePutRunner.java:59)
	at org.poem.job.put.FilePutRunner.run(FilePutRunner.java:98)
	at java.util.concurrent.Executors$RunnableAdapter.call(Executors.java:511)
	at java.util.concurrent.FutureTask.run$$$capture(FutureTask.java:266)
	at java.util.concurrent.FutureTask.run(FutureTask.java)
	at java.util.concurrent.ThreadPoolExecutor.runWorker(ThreadPoolExecutor.java:1149)
	at java.util.concurrent.ThreadPoolExecutor$Worker.run(ThreadPoolExecutor.java:624)
	at java.lang.Thread.run(Thread.java:748)
[Executor] 2019-04-02 16:40:39 [pool-1-thread-1] ERROR o.p.j.p.FilePutRunner[71]: Connection closed without indication.
org.apache.commons.net.ftp.FTPConnectionClosedException: Connection closed without indication.
	at org.apache.commons.net.ftp.FTP.__getReply(FTP.java:317)
	at org.apache.commons.net.ftp.FTP.__getReply(FTP.java:294)
	at org.apache.commons.net.ftp.FTP.sendCommand(FTP.java:483)
	at org.apache.commons.net.ftp.FTPClient._openDataConnection_(FTPClient.java:821)
	at org.apache.commons.net.ftp.FTPClient._storeFile(FTPClient.java:633)
	at org.apache.commons.net.ftp.FTPClient.__storeFile(FTPClient.java:624)
	at org.apache.commons.net.ftp.FTPClient.storeFile(FTPClient.java:1976)
	at org.poem.job.put.FilePutRunner.put(FilePutRunner.java:59)
	at org.poem.job.put.FilePutRunner.run(FilePutRunner.java:98)
	at java.util.concurrent.Executors$RunnableAdapter.call(Executors.java:511)
	at java.util.concurrent.FutureTask.run$$$capture(FutureTask.java:266)
	at java.util.concurrent.FutureTask.run(FutureTask.java)
	at java.util.concurrent.ThreadPoolExecutor.runWorker(ThreadPoolExecutor.java:1149)
	at java.util.concurrent.ThreadPoolExecutor$Worker.run(ThreadPoolExecutor.java:624)
	at java.lang.Thread.run(Thread.java:748)
[Executor] 2019-04-02 16:40:39 [pool-1-thread-14] ERROR o.p.j.p.FilePutRunner[71]: Connection closed without indication.
org.apache.commons.net.ftp.FTPConnectionClosedException: Connection closed without indication.
	at org.apache.commons.net.ftp.FTP.__getReply(FTP.java:317)
	at org.apache.commons.net.ftp.FTP.__getReply(FTP.java:294)
	at org.apache.commons.net.ftp.FTP.sendCommand(FTP.java:483)
	at org.apache.commons.net.ftp.FTPClient._openDataConnection_(FTPClient.java:821)
	at org.apache.commons.net.ftp.FTPClient._storeFile(FTPClient.java:633)
	at org.apache.commons.net.ftp.FTPClient.__storeFile(FTPClient.java:624)
	at org.apache.commons.net.ftp.FTPClient.storeFile(FTPClient.java:1976)
	at org.poem.job.put.FilePutRunner.put(FilePutRunner.java:59)
	at org.poem.job.put.FilePutRunner.run(FilePutRunner.java:98)
	at java.util.concurrent.Executors$RunnableAdapter.call(Executors.java:511)
	at java.util.concurrent.FutureTask.run$$$capture(FutureTask.java:266)
	at java.util.concurrent.FutureTask.run(FutureTask.java)
	at java.util.concurrent.ThreadPoolExecutor.runWorker(ThreadPoolExecutor.java:1149)
	at java.util.concurrent.ThreadPoolExecutor$Worker.run(ThreadPoolExecutor.java:624)
	at java.lang.Thread.run(Thread.java:748)
[Executor] 2019-04-02 17:06:09 [main] ERROR o.s.b.SpringApplication[858]: Application run failed
java.lang.NoClassDefFoundError: Could not initialize class org.springframework.beans.CachedIntrospectionResults
	at org.springframework.context.support.AbstractApplicationContext.resetCommonCaches(AbstractApplicationContext.java:925)
	at org.springframework.context.support.AbstractApplicationContext.refresh(AbstractApplicationContext.java:574)
	at org.springframework.boot.SpringApplication.refresh(SpringApplication.java:775)
	at org.springframework.boot.SpringApplication.refreshContext(SpringApplication.java:397)
	at org.springframework.boot.SpringApplication.run(SpringApplication.java:316)
	at org.springframework.boot.SpringApplication.run(SpringApplication.java:1260)
	at org.springframework.boot.SpringApplication.run(SpringApplication.java:1248)
	at com.example.ftp.FtpApplication.main(FtpApplication.java:13)
[Executor] 2019-04-02 17:07:49 [main] ERROR o.s.b.SpringApplication[858]: Application run failed
java.lang.NoClassDefFoundError: Could not initialize class org.springframework.beans.CachedIntrospectionResults
	at org.springframework.context.support.AbstractApplicationContext.resetCommonCaches(AbstractApplicationContext.java:925)
	at org.springframework.context.support.AbstractApplicationContext.refresh(AbstractApplicationContext.java:574)
	at org.springframework.boot.SpringApplication.refresh(SpringApplication.java:775)
	at org.springframework.boot.SpringApplication.refreshContext(SpringApplication.java:397)
	at org.springframework.boot.SpringApplication.run(SpringApplication.java:316)
	at org.springframework.boot.SpringApplication.run(SpringApplication.java:1260)
	at org.springframework.boot.SpringApplication.run(SpringApplication.java:1248)
	at com.example.ftp.FtpApplication.main(FtpApplication.java:13)
[Executor] 2019-04-02 17:10:50 [main] ERROR o.s.b.SpringApplication[858]: Application run failed
java.lang.NoClassDefFoundError: Could not initialize class org.springframework.beans.CachedIntrospectionResults
	at org.springframework.context.support.AbstractApplicationContext.resetCommonCaches(AbstractApplicationContext.java:925)
	at org.springframework.context.support.AbstractApplicationContext.refresh(AbstractApplicationContext.java:574)
	at org.springframework.boot.SpringApplication.refresh(SpringApplication.java:775)
	at org.springframework.boot.SpringApplication.refreshContext(SpringApplication.java:397)
	at org.springframework.boot.SpringApplication.run(SpringApplication.java:316)
	at org.springframework.boot.SpringApplication.run(SpringApplication.java:1260)
	at org.springframework.boot.SpringApplication.run(SpringApplication.java:1248)
	at com.example.ftp.FtpApplication.main(FtpApplication.java:13)
[Executor] 2019-04-02 17:12:18 [main] ERROR o.s.b.SpringApplication[858]: Application run failed
org.springframework.beans.factory.BeanCreationException: Error creating bean with name 'ftpConfig': Invocation of init method failed; nested exception is java.lang.NullPointerException
	at org.springframework.beans.factory.annotation.InitDestroyAnnotationBeanPostProcessor.postProcessBeforeInitialization(InitDestroyAnnotationBeanPostProcessor.java:139)
	at org.springframework.beans.factory.support.AbstractAutowireCapableBeanFactory.applyBeanPostProcessorsBeforeInitialization(AbstractAutowireCapableBeanFactory.java:414)
	at org.springframework.beans.factory.support.AbstractAutowireCapableBeanFactory.initializeBean(AbstractAutowireCapableBeanFactory.java:1754)
	at org.springframework.beans.factory.support.AbstractAutowireCapableBeanFactory.doCreateBean(AbstractAutowireCapableBeanFactory.java:593)
	at org.springframework.beans.factory.support.AbstractAutowireCapableBeanFactory.createBean(AbstractAutowireCapableBeanFactory.java:515)
	at org.springframework.beans.factory.support.AbstractBeanFactory.lambda$doGetBean$0(AbstractBeanFactory.java:320)
	at org.springframework.beans.factory.support.DefaultSingletonBeanRegistry.getSingleton(DefaultSingletonBeanRegistry.java:222)
	at org.springframework.beans.factory.support.AbstractBeanFactory.doGetBean(AbstractBeanFactory.java:318)
	at org.springframework.beans.factory.support.AbstractBeanFactory.getBean(AbstractBeanFactory.java:199)
	at org.springframework.beans.factory.support.DefaultListableBeanFactory.preInstantiateSingletons(DefaultListableBeanFactory.java:849)
	at org.springframework.context.support.AbstractApplicationContext.finishBeanFactoryInitialization(AbstractApplicationContext.java:877)
	at org.springframework.context.support.AbstractApplicationContext.refresh(AbstractApplicationContext.java:549)
	at org.springframework.boot.SpringApplication.refresh(SpringApplication.java:775)
	at org.springframework.boot.SpringApplication.refreshContext(SpringApplication.java:397)
	at org.springframework.boot.SpringApplication.run(SpringApplication.java:316)
	at org.springframework.boot.SpringApplication.run(SpringApplication.java:1260)
	at org.springframework.boot.SpringApplication.run(SpringApplication.java:1248)
	at com.example.ftp.FtpApplication.main(FtpApplication.java:15)
Caused by: java.lang.NullPointerException: null
	at org.dsg.config.FtpConfig.initClient(FtpConfig.java:79)
	at sun.reflect.NativeMethodAccessorImpl.invoke0(Native Method)
	at sun.reflect.NativeMethodAccessorImpl.invoke(NativeMethodAccessorImpl.java:62)
	at sun.reflect.DelegatingMethodAccessorImpl.invoke(DelegatingMethodAccessorImpl.java:43)
	at java.lang.reflect.Method.invoke(Method.java:498)
	at org.springframework.beans.factory.annotation.InitDestroyAnnotationBeanPostProcessor$LifecycleElement.invoke(InitDestroyAnnotationBeanPostProcessor.java:363)
	at org.springframework.beans.factory.annotation.InitDestroyAnnotationBeanPostProcessor$LifecycleMetadata.invokeInitMethods(InitDestroyAnnotationBeanPostProcessor.java:307)
	at org.springframework.beans.factory.annotation.InitDestroyAnnotationBeanPostProcessor.postProcessBeforeInitialization(InitDestroyAnnotationBeanPostProcessor.java:136)
	... 17 common frames omitted
[Executor] 2019-04-02 17:14:13 [main] ERROR o.s.b.SpringApplication[858]: Application run failed
org.springframework.beans.factory.BeanCreationException: Error creating bean with name 'ftpConfig': Invocation of init method failed; nested exception is java.lang.NullPointerException
	at org.springframework.beans.factory.annotation.InitDestroyAnnotationBeanPostProcessor.postProcessBeforeInitialization(InitDestroyAnnotationBeanPostProcessor.java:139)
	at org.springframework.beans.factory.support.AbstractAutowireCapableBeanFactory.applyBeanPostProcessorsBeforeInitialization(AbstractAutowireCapableBeanFactory.java:414)
	at org.springframework.beans.factory.support.AbstractAutowireCapableBeanFactory.initializeBean(AbstractAutowireCapableBeanFactory.java:1754)
	at org.springframework.beans.factory.support.AbstractAutowireCapableBeanFactory.doCreateBean(AbstractAutowireCapableBeanFactory.java:593)
	at org.springframework.beans.factory.support.AbstractAutowireCapableBeanFactory.createBean(AbstractAutowireCapableBeanFactory.java:515)
	at org.springframework.beans.factory.support.AbstractBeanFactory.lambda$doGetBean$0(AbstractBeanFactory.java:320)
	at org.springframework.beans.factory.support.DefaultSingletonBeanRegistry.getSingleton(DefaultSingletonBeanRegistry.java:222)
	at org.springframework.beans.factory.support.AbstractBeanFactory.doGetBean(AbstractBeanFactory.java:318)
	at org.springframework.beans.factory.support.AbstractBeanFactory.getBean(AbstractBeanFactory.java:199)
	at org.springframework.beans.factory.support.DefaultListableBeanFactory.preInstantiateSingletons(DefaultListableBeanFactory.java:849)
	at org.springframework.context.support.AbstractApplicationContext.finishBeanFactoryInitialization(AbstractApplicationContext.java:877)
	at org.springframework.context.support.AbstractApplicationContext.refresh(AbstractApplicationContext.java:549)
	at org.springframework.boot.SpringApplication.refresh(SpringApplication.java:775)
	at org.springframework.boot.SpringApplication.refreshContext(SpringApplication.java:397)
	at org.springframework.boot.SpringApplication.run(SpringApplication.java:316)
	at org.springframework.boot.SpringApplication.run(SpringApplication.java:1260)
	at org.springframework.boot.SpringApplication.run(SpringApplication.java:1248)
	at com.example.ftp.FtpApplication.main(FtpApplication.java:15)
Caused by: java.lang.NullPointerException: null
	at org.dsg.config.FtpConfig.initClient(FtpConfig.java:88)
	at sun.reflect.NativeMethodAccessorImpl.invoke0(Native Method)
	at sun.reflect.NativeMethodAccessorImpl.invoke(NativeMethodAccessorImpl.java:62)
	at sun.reflect.DelegatingMethodAccessorImpl.invoke(DelegatingMethodAccessorImpl.java:43)
	at java.lang.reflect.Method.invoke(Method.java:498)
	at org.springframework.beans.factory.annotation.InitDestroyAnnotationBeanPostProcessor$LifecycleElement.invoke(InitDestroyAnnotationBeanPostProcessor.java:363)
	at org.springframework.beans.factory.annotation.InitDestroyAnnotationBeanPostProcessor$LifecycleMetadata.invokeInitMethods(InitDestroyAnnotationBeanPostProcessor.java:307)
	at org.springframework.beans.factory.annotation.InitDestroyAnnotationBeanPostProcessor.postProcessBeforeInitialization(InitDestroyAnnotationBeanPostProcessor.java:136)
	... 17 common frames omitted
[Executor] 2019-04-02 17:16:55 [main] ERROR o.s.b.SpringApplication[858]: Application run failed
org.springframework.beans.factory.BeanCreationException: Error creating bean with name 'ftpConfig': Invocation of init method failed; nested exception is java.lang.IllegalArgumentException: url can't be null
	at org.springframework.beans.factory.annotation.InitDestroyAnnotationBeanPostProcessor.postProcessBeforeInitialization(InitDestroyAnnotationBeanPostProcessor.java:139)
	at org.springframework.beans.factory.support.AbstractAutowireCapableBeanFactory.applyBeanPostProcessorsBeforeInitialization(AbstractAutowireCapableBeanFactory.java:414)
	at org.springframework.beans.factory.support.AbstractAutowireCapableBeanFactory.initializeBean(AbstractAutowireCapableBeanFactory.java:1754)
	at org.springframework.beans.factory.support.AbstractAutowireCapableBeanFactory.doCreateBean(AbstractAutowireCapableBeanFactory.java:593)
	at org.springframework.beans.factory.support.AbstractAutowireCapableBeanFactory.createBean(AbstractAutowireCapableBeanFactory.java:515)
	at org.springframework.beans.factory.support.AbstractBeanFactory.lambda$doGetBean$0(AbstractBeanFactory.java:320)
	at org.springframework.beans.factory.support.DefaultSingletonBeanRegistry.getSingleton(DefaultSingletonBeanRegistry.java:222)
	at org.springframework.beans.factory.support.AbstractBeanFactory.doGetBean(AbstractBeanFactory.java:318)
	at org.springframework.beans.factory.support.AbstractBeanFactory.getBean(AbstractBeanFactory.java:199)
	at org.springframework.beans.factory.support.DefaultListableBeanFactory.preInstantiateSingletons(DefaultListableBeanFactory.java:849)
	at org.springframework.context.support.AbstractApplicationContext.finishBeanFactoryInitialization(AbstractApplicationContext.java:877)
	at org.springframework.context.support.AbstractApplicationContext.refresh(AbstractApplicationContext.java:549)
	at org.springframework.boot.SpringApplication.refresh(SpringApplication.java:775)
	at org.springframework.boot.SpringApplication.refreshContext(SpringApplication.java:397)
	at org.springframework.boot.SpringApplication.run(SpringApplication.java:316)
	at org.springframework.boot.SpringApplication.run(SpringApplication.java:1260)
	at org.springframework.boot.SpringApplication.run(SpringApplication.java:1248)
	at com.example.ftp.FtpApplication.main(FtpApplication.java:15)
Caused by: java.lang.IllegalArgumentException: url can't be null
	at org.springframework.util.Assert.notNull(Assert.java:198)
	at org.dsg.config.FtpConfig.initClient(FtpConfig.java:80)
	at sun.reflect.NativeMethodAccessorImpl.invoke0(Native Method)
	at sun.reflect.NativeMethodAccessorImpl.invoke(NativeMethodAccessorImpl.java:62)
	at sun.reflect.DelegatingMethodAccessorImpl.invoke(DelegatingMethodAccessorImpl.java:43)
	at java.lang.reflect.Method.invoke(Method.java:498)
	at org.springframework.beans.factory.annotation.InitDestroyAnnotationBeanPostProcessor$LifecycleElement.invoke(InitDestroyAnnotationBeanPostProcessor.java:363)
	at org.springframework.beans.factory.annotation.InitDestroyAnnotationBeanPostProcessor$LifecycleMetadata.invokeInitMethods(InitDestroyAnnotationBeanPostProcessor.java:307)
	at org.springframework.beans.factory.annotation.InitDestroyAnnotationBeanPostProcessor.postProcessBeforeInitialization(InitDestroyAnnotationBeanPostProcessor.java:136)
	... 17 common frames omitted
